2021-10-26 10:26:15.513  INFO 8348 --- [main] com.cms.backend.BackendApplication       : Starting BackendApplication using Java 1.8.0_281 on CNzhuping03 with PID 8348 (C:\study\cms-auto\backend\target\classes started by zhuping in C:\study\cms-auto)
2021-10-26 10:26:15.515  INFO 8348 --- [main] com.cms.backend.BackendApplication       : No active profile set, falling back to default profiles: default
2021-10-26 10:26:15.922  INFO 8348 --- [main] .s.d.r.c.RepositoryConfigurationDelegate : Bootstrapping Spring Data JPA repositories in DEFAULT mode.
2021-10-26 10:26:15.967  INFO 8348 --- [main] .s.d.r.c.RepositoryConfigurationDelegate : Finished Spring Data repository scanning in 36 ms. Found 1 JPA repository interfaces.
2021-10-26 10:26:16.445  INFO 8348 --- [main] o.s.b.w.embedded.tomcat.TomcatWebServer  : Tomcat initialized with port(s): 8090 (http)
2021-10-26 10:26:16.452  INFO 8348 --- [main] o.apache.catalina.core.StandardService   : Starting service [Tomcat]
2021-10-26 10:26:16.452  INFO 8348 --- [main] org.apache.catalina.core.StandardEngine  : Starting Servlet engine: [Apache Tomcat/9.0.53]
2021-10-26 10:26:16.454  INFO 8348 --- [main] o.a.catalina.core.AprLifecycleListener   : An older version [1.2.14] of the Apache Tomcat Native library is installed, while Tomcat recommends a minimum version of [1.2.30]
2021-10-26 10:26:16.454  INFO 8348 --- [main] o.a.catalina.core.AprLifecycleListener   : Loaded Apache Tomcat Native library [1.2.14] using APR version [1.6.2].
2021-10-26 10:26:16.454  INFO 8348 --- [main] o.a.catalina.core.AprLifecycleListener   : APR capabilities: IPv6 [true], sendfile [true], accept filters [false], random [true], UDS [false].
2021-10-26 10:26:16.455  INFO 8348 --- [main] o.a.catalina.core.AprLifecycleListener   : APR/OpenSSL configuration: useAprConnector [false], useOpenSSL [true]
2021-10-26 10:26:17.530  INFO 8348 --- [main] o.a.catalina.core.AprLifecycleListener   : OpenSSL successfully initialized [OpenSSL 1.0.2l  25 May 2017]
2021-10-26 10:26:17.638  INFO 8348 --- [main] o.a.c.c.C.[Tomcat].[localhost].[/]       : Initializing Spring embedded WebApplicationContext
2021-10-26 10:26:17.638  INFO 8348 --- [main] w.s.c.ServletWebServerApplicationContext : Root WebApplicationContext: initialization completed in 2080 ms
2021-10-26 10:26:17.746  INFO 8348 --- [main] com.zaxxer.hikari.HikariDataSource       : HikariPool-1 - Starting...
2021-10-26 10:26:17.872  INFO 8348 --- [main] com.zaxxer.hikari.HikariDataSource       : HikariPool-1 - Start completed.
2021-10-26 10:26:17.909  INFO 8348 --- [main] o.hibernate.jpa.internal.util.LogHelper  : HHH000204: Processing PersistenceUnitInfo [name: default]
2021-10-26 10:26:17.947  INFO 8348 --- [main] org.hibernate.Version                    : HHH000412: Hibernate ORM core version 5.4.32.Final
2021-10-26 10:26:18.088  INFO 8348 --- [main] o.hibernate.annotations.common.Version   : HCANN000001: Hibernate Commons Annotations {5.1.2.Final}
2021-10-26 10:26:18.183  INFO 8348 --- [main] org.hibernate.dialect.Dialect            : HHH000400: Using dialect: org.hibernate.dialect.PostgreSQL10Dialect
2021-10-26 10:26:18.921  INFO 8348 --- [main] o.h.e.t.j.p.i.JtaPlatformInitiator       : HHH000490: Using JtaPlatform implementation: [org.hibernate.engine.transaction.jta.platform.internal.NoJtaPlatform]
2021-10-26 10:26:18.930  INFO 8348 --- [main] j.LocalContainerEntityManagerFactoryBean : Initialized JPA EntityManagerFactory for persistence unit 'default'
2021-10-26 10:26:19.186  WARN 8348 --- [main] JpaBaseConfiguration$JpaWebConfiguration : spring.jpa.open-in-view is enabled by default. Therefore, database queries may be performed during view rendering. Explicitly configure spring.jpa.open-in-view to disable this warning
2021-10-26 10:26:19.436  INFO 8348 --- [main] o.s.b.w.embedded.tomcat.TomcatWebServer  : Tomcat started on port(s): 8090 (http) with context path ''
2021-10-26 10:26:19.444  INFO 8348 --- [main] com.cms.backend.BackendApplication       : Started BackendApplication in 4.351 seconds (JVM running for 5.437)
2021-10-26 12:44:56.984  INFO 8348 --- [http-nio-8090-exec-1] o.a.c.c.C.[Tomcat].[localhost].[/]       : Initializing Spring DispatcherServlet 'dispatcherServlet'
2021-10-26 12:44:56.985  INFO 8348 --- [http-nio-8090-exec-1] o.s.web.servlet.DispatcherServlet        : Initializing Servlet 'dispatcherServlet'
2021-10-26 12:44:56.985  INFO 8348 --- [http-nio-8090-exec-1] o.s.web.servlet.DispatcherServlet        : Completed initialization in 0 ms
2021-10-26 14:02:37.722  INFO 8348 --- [SpringApplicationShutdownHook] j.LocalContainerEntityManagerFactoryBean : Closing JPA EntityManagerFactory for persistence unit 'default'
2021-10-26 14:02:37.724  INFO 8348 --- [SpringApplicationShutdownHook] com.zaxxer.hikari.HikariDataSource       : HikariPool-1 - Shutdown initiated...
2021-10-26 14:02:37.728  INFO 8348 --- [SpringApplicationShutdownHook] com.zaxxer.hikari.HikariDataSource       : HikariPool-1 - Shutdown completed.
2021-10-26 14:02:44.890  INFO 34984 --- [main] com.cms.backend.BackendApplication       : Starting BackendApplication using Java 1.8.0_281 on CNzhuping03 with PID 34984 (C:\study\cms-auto\backend\target\classes started by zhuping in C:\study\cms-auto)
2021-10-26 14:02:44.892  INFO 34984 --- [main] com.cms.backend.BackendApplication       : No active profile set, falling back to default profiles: default
2021-10-26 14:02:47.171  INFO 34984 --- [main] .s.d.r.c.RepositoryConfigurationDelegate : Bootstrapping Spring Data JPA repositories in DEFAULT mode.
2021-10-26 14:02:47.218  INFO 34984 --- [main] .s.d.r.c.RepositoryConfigurationDelegate : Finished Spring Data repository scanning in 38 ms. Found 1 JPA repository interfaces.
2021-10-26 14:02:47.698  INFO 34984 --- [main] o.s.b.w.embedded.tomcat.TomcatWebServer  : Tomcat initialized with port(s): 8090 (http)
2021-10-26 14:02:47.706  INFO 34984 --- [main] o.apache.catalina.core.StandardService   : Starting service [Tomcat]
2021-10-26 14:02:47.706  INFO 34984 --- [main] org.apache.catalina.core.StandardEngine  : Starting Servlet engine: [Apache Tomcat/9.0.53]
2021-10-26 14:02:47.707  INFO 34984 --- [main] o.a.catalina.core.AprLifecycleListener   : An older version [1.2.14] of the Apache Tomcat Native library is installed, while Tomcat recommends a minimum version of [1.2.30]
2021-10-26 14:02:47.707  INFO 34984 --- [main] o.a.catalina.core.AprLifecycleListener   : Loaded Apache Tomcat Native library [1.2.14] using APR version [1.6.2].
2021-10-26 14:02:47.707  INFO 34984 --- [main] o.a.catalina.core.AprLifecycleListener   : APR capabilities: IPv6 [true], sendfile [true], accept filters [false], random [true], UDS [false].
2021-10-26 14:02:47.708  INFO 34984 --- [main] o.a.catalina.core.AprLifecycleListener   : APR/OpenSSL configuration: useAprConnector [false], useOpenSSL [true]
2021-10-26 14:02:48.784  INFO 34984 --- [main] o.a.catalina.core.AprLifecycleListener   : OpenSSL successfully initialized [OpenSSL 1.0.2l  25 May 2017]
2021-10-26 14:02:48.907  INFO 34984 --- [main] o.a.c.c.C.[Tomcat].[localhost].[/]       : Initializing Spring embedded WebApplicationContext
2021-10-26 14:02:48.907  INFO 34984 --- [main] w.s.c.ServletWebServerApplicationContext : Root WebApplicationContext: initialization completed in 3971 ms
2021-10-26 14:02:49.022  INFO 34984 --- [main] com.zaxxer.hikari.HikariDataSource       : HikariPool-1 - Starting...
2021-10-26 14:02:49.149  INFO 34984 --- [main] com.zaxxer.hikari.HikariDataSource       : HikariPool-1 - Start completed.
2021-10-26 14:02:49.185  INFO 34984 --- [main] o.hibernate.jpa.internal.util.LogHelper  : HHH000204: Processing PersistenceUnitInfo [name: default]
2021-10-26 14:02:49.224  INFO 34984 --- [main] org.hibernate.Version                    : HHH000412: Hibernate ORM core version 5.4.32.Final
2021-10-26 14:02:49.368  INFO 34984 --- [main] o.hibernate.annotations.common.Version   : HCANN000001: Hibernate Commons Annotations {5.1.2.Final}
2021-10-26 14:02:49.462  INFO 34984 --- [main] org.hibernate.dialect.Dialect            : HHH000400: Using dialect: org.hibernate.dialect.PostgreSQL10Dialect
2021-10-26 14:02:51.910  INFO 34984 --- [main] o.h.e.t.j.p.i.JtaPlatformInitiator       : HHH000490: Using JtaPlatform implementation: [org.hibernate.engine.transaction.jta.platform.internal.NoJtaPlatform]
2021-10-26 14:02:51.920  INFO 34984 --- [main] j.LocalContainerEntityManagerFactoryBean : Initialized JPA EntityManagerFactory for persistence unit 'default'
2021-10-26 14:02:52.197  WARN 34984 --- [main] JpaBaseConfiguration$JpaWebConfiguration : spring.jpa.open-in-view is enabled by default. Therefore, database queries may be performed during view rendering. Explicitly configure spring.jpa.open-in-view to disable this warning
2021-10-26 14:02:52.448  INFO 34984 --- [main] o.s.b.w.embedded.tomcat.TomcatWebServer  : Tomcat started on port(s): 8090 (http) with context path ''
2021-10-26 14:02:52.455  INFO 34984 --- [main] com.cms.backend.BackendApplication       : Started BackendApplication in 7.975 seconds (JVM running for 9.043)
2021-10-26 14:08:42.202  INFO 34984 --- [http-nio-8090-exec-1] o.a.c.c.C.[Tomcat].[localhost].[/]       : Initializing Spring DispatcherServlet 'dispatcherServlet'
2021-10-26 14:08:42.202  INFO 34984 --- [http-nio-8090-exec-1] o.s.web.servlet.DispatcherServlet        : Initializing Servlet 'dispatcherServlet'
2021-10-26 14:08:42.203  INFO 34984 --- [http-nio-8090-exec-1] o.s.web.servlet.DispatcherServlet        : Completed initialization in 1 ms
